The system is: Windows - 10.0.19044 - AMD64
Compiling the C compiler identification source file "CMakeCCompilerId.c" succeeded.
Compiler: E:/_PROGRAMME/VISUAL_STUDIO_2019/Community/VC/Tools/MSVC/14.29.30133/bin/Hostx64/x64/cl.exe 
Build flags: 
Id flags:  

The output was:
0
Microsoft (R) C/C++ Optimizing Compiler Version 19.29.30141 for x64
Copyright (C) Microsoft Corporation.  All rights reserved.

CMakeCCompilerId.c
Microsoft (R) Incremental Linker Version 14.29.30141.0
Copyright (C) Microsoft Corporation.  All rights reserved.

/out:CMakeCCompilerId.exe 
CMakeCCompilerId.obj 


Compilation of the C compiler identification source "CMakeCCompilerId.c" produced "CMakeCCompilerId.exe"

Compilation of the C compiler identification source "CMakeCCompilerId.c" produced "CMakeCCompilerId.obj"

The C compiler identification is MSVC, found in "D:/PEOPLE_FOLDER/DAVID_FOLDER/FH_TECHNIKUM/5.Semester(3.Semester)/INNO/InnoLab_Repo/Inno_Core/src/out/build/x64-Debug/CMakeFiles/3.20.21032501-MSVC_2/CompilerIdC/CMakeCCompilerId.exe"

Compiling the CXX compiler identification source file "CMakeCXXCompilerId.cpp" succeeded.
Compiler: E:/_PROGRAMME/VISUAL_STUDIO_2019/Community/VC/Tools/MSVC/14.29.30133/bin/Hostx64/x64/cl.exe 
Build flags: 
Id flags:  

The output was:
0
Microsoft (R) C/C++ Optimizing Compiler Version 19.29.30141 for x64
Copyright (C) Microsoft Corporation.  All rights reserved.

CMakeCXXCompilerId.cpp
Microsoft (R) Incremental Linker Version 14.29.30141.0
Copyright (C) Microsoft Corporation.  All rights reserved.

/out:CMakeCXXCompilerId.exe 
CMakeCXXCompilerId.obj 


Compilation of the CXX compiler identification source "CMakeCXXCompilerId.cpp" produced "CMakeCXXCompilerId.exe"

Compilation of the CXX compiler identification source "CMakeCXXCompilerId.cpp" produced "CMakeCXXCompilerId.obj"

The CXX compiler identification is MSVC, found in "D:/PEOPLE_FOLDER/DAVID_FOLDER/FH_TECHNIKUM/5.Semester(3.Semester)/INNO/InnoLab_Repo/Inno_Core/src/out/build/x64-Debug/CMakeFiles/3.20.21032501-MSVC_2/CompilerIdCXX/CMakeCXXCompilerId.exe"

Detecting C compiler ABI info compiled with the following output:
Change Dir: D:/PEOPLE_FOLDER/DAVID_FOLDER/FH_TECHNIKUM/5.Semester(3.Semester)/INNO/InnoLab_Repo/Inno_Core/src/out/build/x64-Debug/CMakeFiles/CMakeTmp

Run Build Command(s):E:\_PROGRAMME\VISUAL_STUDIO_2019\COMMUNITY\COMMON7\IDE\COMMONEXTENSIONS\MICROSOFT\CMAKE\Ninja\ninja.exe cmTC_b1702 && [1/2] Building C object CMakeFiles\cmTC_b1702.dir\CMakeCCompilerABI.c.obj
[2/2] Linking C executable cmTC_b1702.exe



Detecting CXX compiler ABI info compiled with the following output:
Change Dir: D:/PEOPLE_FOLDER/DAVID_FOLDER/FH_TECHNIKUM/5.Semester(3.Semester)/INNO/InnoLab_Repo/Inno_Core/src/out/build/x64-Debug/CMakeFiles/CMakeTmp

Run Build Command(s):E:\_PROGRAMME\VISUAL_STUDIO_2019\COMMUNITY\COMMON7\IDE\COMMONEXTENSIONS\MICROSOFT\CMAKE\Ninja\ninja.exe cmTC_2b611 && [1/2] Building CXX object CMakeFiles\cmTC_2b611.dir\CMakeCXXCompilerABI.cpp.obj
[2/2] Linking CXX executable cmTC_2b611.exe



